[08:27:35.681] Global cache location '/home/kitamura/.cache/typescript/4.5', safe file path '/usr/local/lib/node_modules/typescript/lib/typingSafeList.json', types map path /usr/local/lib/node_modules/typescript/lib/typesMap.json
[08:27:35.682] Processing cache location '/home/kitamura/.cache/typescript/4.5'
[08:27:35.682] Trying to find '/home/kitamura/.cache/typescript/4.5/package.json'...
[08:27:35.685] Loaded content of '/home/kitamura/.cache/typescript/4.5/package.json': {"private":true,"dependencies":{"types-registry":"^0.1.609"},"devDependencies":{"@types/accepts":"^1.3.5","@types/argparse":"^2.0.10","@types/aria-query":"^5.0.0","@types/array.prototype.flat":"^1.2.1","@types/array.prototype.flatmap":"^1.2.2","@types/asap":"^2.0.0","@types/async":"^3.2.15","@types/async-cache":"^1.1.2","@types/babel__core":"^7.1.19","@types/babel__generator":"^7.6.4","@types/babel__helper-plugin-utils":"^7.10.0","@types/babel__plugin-transform-runtime":"^7.9.2","@types/babel__preset-env":"^7.9.2","@types/babel-plugin-macros":"^2.8.5","@types/backo2":"^1.0.1","@types/balanced-match":"^1.0.2","@types/base64id":"^2.0.0","@types/big.js":"^6.1.5","@types/bl":"^5.0.2","@types/bluebird":"^3.5.36","@types/body-parser":"^1.19.2","@types/boolbase":"^1.0.1","@types/brace-expansion":"^1.1.0","@types/braces":"^3.0.1","@types/bser":"^2.0.1","@types/buffer-from":"^1.1.0","@types/busboy":"^1.5.0","@types/bytes":"^3.1.1","@types/cache-manager":"^4.0.1","@types/cacheable-request":"^6.0.2","@types/call-bind":"^1.0.1","@types/camelcase-css":"^2.0.0","@types/caniuse-api":"^3.0.2","@types/caniuse-lite":"^1.0.1","@types/chardet":"^0.8.1","@types/chownr":"^1.0.0","@types/clone":"^2.1.1","@types/clone-deep":"^4.0.1","@types/co":"^4.6.3","@types/color":"^3.0.3","@types/color-convert":"^2.0.0","@types/color-name":"^1.1.1","@types/color-string":"^1.5.2","@types/combined-stream":"^1.0.3","@types/command-exists":"^1.2.0","@types/common-tags":"^1.8.1","@types/commondir":"^1.0.0","@types/component-emitter":"^1.2.11","@types/compressible":"^2.0.0","@types/compression":"^1.7.2","@types/concat-map":"^0.0.1","@types/concat-stream":"^2.0.0","@types/configstore":"^6.0.0","@types/confusing-browser-globals":"^1.0.0","@types/connect-history-api-fallback":"^1.3.5","@types/content-disposition":"^0.5.5","@types/content-type":"^1.1.5","@types/convert-source-map":"^1.5.2","@types/cookie":"^0.5.1","@types/cookie-signature":"^1.0.4","@types/copy":"^0.3.2","@types/core-js":"^2.5.5","@types/cors":"^2.8.12","@types/cross-spawn":"^6.0.2","@types/css-tree":"^1.0.7","@types/css.escape":"^1.5.0","@types/cssesc":"^3.0.0","@types/csso":"^5.0.0","@types/d":"^1.0.1","@types/damerau-levenshtein":"^1.0.0","@types/debug":"^4.1.7","@types/decode-uri-component":"^0.2.0","@types/deep-extend":"^0.4.32","@types/default-gateway":"^3.0.1","@types/define-properties":"^1.1.3","@types/depd":"^1.1.32","@types/destroy":"^1.0.0","@types/detect-libc":"^1.0.0","@types/detect-node":"^2.0.0","@types/detect-port":"^1.3.2","@types/diff":"^5.0.2","@types/dir-glob":"^2.0.1","@types/dns-packet":"^5.2.4","@types/doctrine":"^0.0.5","@types/duplexer3":"^0.1.1","@types/ee-first":"^1.1.0","@types/encodeurl":"^1.0.0","@types/end-of-stream":"^1.4.1","@types/engine.io":"^3.1.7","@types/engine.io-client":"^3.1.5","@types/envinfo":"^7.8.1","@types/es-abstract":"^1.17.3","@types/es-to-primitive":"^1.2.4","@types/es6-weak-map":"^1.2.0","@types/escape-html":"^1.0.2","@types/eslint":"^8.4.6","@types/eslint-scope":"^3.7.4","@types/eslint-utils":"^3.0.1","@types/eslint-visitor-keys":"^1.0.0","@types/esprima":"^4.0.3","@types/esquery":"^1.0.2","@types/estraverse":"^5.1.1","@types/esutils":"^2.0.0","@types/etag":"^1.8.1","@types/event-emitter":"^0.3.3","@types/event-source-polyfill":"^1.0.0","@types/events":"^3.0.0","@types/express":"^4.17.13","@types/express-http-proxy":"^1.6.3","@types/extend":"^3.0.1","@types/extract-files":"^8.1.1","@types/fast-levenshtein":"^0.0.2","@types/fb-watchman":"^2.0.1","@types/fbjs":"^3.0.3","@types/file-entry-cache":"^5.0.2","@types/file-loader":"^5.0.1","@types/fill-range":"^7.0.0","@types/finalhandler":"^1.1.1","@types/find-cache-dir":"^3.2.1","@types/find-root":"^1.1.2","@types/flat-cache":"^2.0.0","@types/follow-redirects":"^1.14.1","@types/forwarded":"^0.1.0","@types/fresh":"^0.5.0","@types/fs-extra":"^9.0.13","@types/function-bind":"^1.1.7","@types/functional-red-black-tree":"^1.0.1","@types/gatsby-transformer-remark":"^2.9.1","@types/gensync":"^1.0.0","@types/get-intrinsic":"^1.0.0","@types/gh-pages":"^3.2.1","@types/github-slugger":"^1.3.0","@types/glob":"^7.2.0","@types/glob-parent":"^5.1.1","@types/glob-to-regexp":"^0.4.1","@types/global-modules":"^2.0.0","@types/global-prefix":"^3.0.0","@types/graceful-fs":"^4.1.5","@types/has":"^1.0.0","@types/has-symbols":"^1.0.0","@types/he":"^1.1.2","@types/hoist-non-react-statics":"^3.3.1","@types/hosted-git-info":"^3.0.2","@types/http-cache-semantics":"^4.0.1","@types/http-errors":"^1.8.2","@types/http-proxy":"^1.17.8","@types/icss-utils":"^5.1.0","@types/imurmurhash":"^0.1.1","@types/inherits":"^0.0.30","@types/ini":"^1.3.31","@types/inquirer":"^9.0.1","@types/internal-slot":"^1.0.1","@types/interpret":"^1.1.1","@types/invariant":"^2.2.35","@types/is-absolute":"^1.0.0","@types/is-bigint":"^1.0.0","@types/is-boolean-object":"^1.1.0","@types/is-buffer":"^2.0.0","@types/is-callable":"^1.1.0","@types/is-ci":"^3.0.0","@types/is-core-module":"^2.2.0","@types/is-date-object":"^1.0.2","@types/is-glob":"^4.0.2","@types/is-number":"^7.0.3","@types/is-regex":"^1.0.0","@types/is-relative":"^1.0.0","@types/is-ssh":"^1.3.0","@types/is-string":"^1.0.0","@types/is-typedarray":"^1.0.0","@types/is-unc-path":"^1.0.0","@types/is-valid-path":"^0.1.0","@types/is-windows":"^1.0.0","@types/isarray":"^2.0.0","@types/isexe":"^2.0.1","@types/js-yaml":"^4.0.5","@types/jsesc":"^3.0.1","@types/json-buffer":"^3.0.0","@types/json-parse-better-errors":"^1.0.0","@types/jsonfile":"^6.1.0","@types/kind-of":"^6.0.0","@types/language-tags":"^1.0.1","@types/loader-runner":"^2.2.4","@types/loader-utils":"^2.0.3","@types/lodash":"^4.14.184","@types/lodash.clonedeep":"^4.5.7","@types/lodash.debounce":"^4.0.7","@types/lodash.deburr":"^4.1.7","@types/lodash.every":"^4.6.7","@types/lodash.flatten":"^4.4.7","@types/lodash.flattendeep":"^4.4.7","@types/lodash.foreach":"^4.5.7","@types/lodash.get":"^4.4.7","@types/lodash.maxby":"^4.6.7","@types/lodash.memoize":"^4.1.7","@types/lodash.merge":"^4.6.7","@types/lodash.truncate":"^4.4.7","@types/lodash.uniq":"^4.5.7","@types/lodash.without":"^4.4.7","@types/lru-cache":"^7.6.1","@types/mdurl":"^1.0.2","@types/mdx-js__react":"^1.5.5","@types/media-typer":"^1.1.1","@types/memoizee":"^0.4.8","@types/merge-descriptors":"^1.0.1","@types/merge-stream":"^1.1.2","@types/merge2":"^1.3.1","@types/methods":"^1.1.1","@types/micromatch":"^4.0.2","@types/mime":"^3.0.1","@types/mime-db":"^1.43.1","@types/mime-types":"^2.1.1","@types/minimalistic-assert":"^1.0.1","@types/minimatch":"^3.0.5","@types/minimist":"^1.2.2","@types/mkdirp":"^1.0.2","@types/ms":"^0.7.31","@types/multer":"^1.4.7","@types/multicast-dns":"^7.2.1","@types/mute-stream":"^0.0.1","@types/natural-compare":"^1.4.1","@types/needle":"^2.5.3","@types/negotiator":"^0.6.1","@types/next-tick":"^1.0.0","@types/nice-try":"^2.1.0","@types/node-abi":"^3.0.0","@types/node-fetch":"^2.6.2","@types/node-forge":"^1.0.1","@types/node-int64":"^0.4.29","@types/normalize-path":"^3.0.0","@types/object-assign":"^4.0.30","@types/object-fit-images":"^3.2.3","@types/object-inspect":"^1.8.1","@types/object-keys":"^1.0.1","@types/object.fromentries":"^2.0.1","@types/object.getownpropertydescriptors":"^2.1.1","@types/on-finished":"^2.3.1","@types/on-headers":"^1.0.0","@types/once":"^1.4.0","@types/os-tmpdir":"^1.0.0","@types/parse-filepath":"^1.0.0","@types/parse-json":"^4.0.0","@types/parse-path":"^6.0.0","@types/parseurl":"^1.3.1","@types/path-is-absolute":"^1.0.0","@types/path-parse":"^1.0.19","@types/physical-cpu-count":"^2.0.0","@types/picomatch":"^2.3.0","@types/pify":"^5.0.1","@types/platform":"^1.3.4","@types/postcss-flexbugs-fixes":"^4.2.1","@types/postcss-modules-extract-imports":"^3.0.2","@types/postcss-modules-local-by-default":"^4.0.0","@types/postcss-modules-scope":"^3.0.0","@types/postcss-modules-values":"^4.0.0","@types/prelude-ls":"^1.1.29","@types/probe-image-size":"^7.2.0","@types/progress":"^2.0.5","@types/prompts":"^2.0.14","@types/prop-types":"^15.7.5","@types/proper-lockfile":"^4.1.2","@types/protocols":"^1.4.0","@types/proxy-addr":"^2.0.0","@types/pump":"^1.1.1","@types/punycode":"^2.1.0","@types/q":"^1.5.5","@types/qs":"^6.9.7","@types/randombytes":"^2.0.0","@types/range-parser":"^1.2.4","@types/rc":"^1.2.1","@types/react":"^18.0.17","@types/react-dev-utils":"^9.0.11","@types/react-dom":"^18.0.6","@types/react-is":"^17.0.3","@types/react-lifecycles-compat":"^3.0.1","@types/react-refresh":"^0.14.0","@types/react-test-renderer":"^18.0.0","@types/react-transition-group":"^4.4.5","@types/read":"^0.0.29","@types/readable-stream":"^2.3.14","@types/rechoir":"^0.6.1","@types/recursive-readdir":"^2.2.1","@types/regenerate":"^1.4.1","@types/regenerator-runtime":"^0.13.1","@types/registry-auth-token":"^4.2.1","@types/relay-runtime":"^14.1.1","@types/repeat-string":"^1.6.3","@types/require-directory":"^2.1.2","@types/require-from-string":"^1.2.1","@types/requires-port":"^1.0.0","@types/resolve":"^1.20.2","@types/responselike":"^1.0.0","@types/retry":"^0.12.2","@types/rimraf":"^3.0.2","@types/run-parallel":"^1.1.0","@types/safer-buffer":"^2.1.0","@types/sanitize-html":"^2.6.2","@types/sax":"^1.2.4","@types/scheduler":"^0.16.2","@types/semver":"^7.3.12","@types/send":"^0.17.1","@types/serialize-javascript":"^5.0.2","@types/serve-index":"^1.9.1","@types/serve-static":"^1.15.0","@types/setimmediate":"^1.0.2","@types/sharp":"^0.30.5","@types/shebang-command":"^1.2.0","@types/shell-quote":"^1.7.1","@types/signal-exit":"^3.0.1","@types/simple-swizzle":"^0.2.0","@types/slice-ansi":"^5.0.0","@types/sockjs":"^0.3.33","@types/source-list-map":"^0.1.2","@types/source-map-support":"^0.5.4","@types/spdy":"^3.4.5","@types/sprintf":"^0.1.0","@types/sprintf-js":"^1.1.2","@types/stack-trace":"^0.0.30","@types/statuses":"^2.0.0","@types/strict-uri-encode":"^2.0.0","@types/string-natural-compare":"^3.0.2","@types/string-similarity":"^4.0.0","@types/string.prototype.matchall":"^4.0.1","@types/strip-final-newline":"^3.0.0","@types/stylis":"^4.0.2","@types/supports-color":"^8.1.1","@types/svgo":"^2.6.4","@types/sync-fetch":"^0.4.0","@types/tar-fs":"^2.0.1","@types/tar-stream":"^2.2.2","@types/text-table":"^0.2.2","@types/through":"^0.0.30","@types/thunky":"^1.1.0","@types/tmp":"^0.2.3","@types/to-regex-range":"^5.0.0","@types/tr46":"^3.0.0","@types/type-check":"^0.3.27","@types/type-is":"^1.6.3","@types/typedarray-to-buffer":"^4.0.0","@types/ua-parser-js":"^0.7.36","@types/unc-path-regex":"^0.1.0","@types/underscore.string":"^0.0.38","@types/universalify":"^1.0.0","@types/unixify":"^1.0.0","@types/update-notifier":"^6.0.1","@types/url-parse-lax":"^5.0.0","@types/util-deprecate":"^1.0.0","@types/util.promisify":"^1.0.4","@types/utils-merge":"^0.0.28","@types/uuid":"^8.3.4","@types/valid-url":"^1.0.3","@types/vary":"^1.1.0","@types/watchpack":"^2.4.0","@types/webidl-conversions":"^6.1.1","@types/webpack":"^5.28.0","@types/webpack-sources":"^3.2.0","@types/webpack-stats-plugin":"^0.3.2","@types/webpack-virtual-modules":"^0.1.1","@types/whatwg-url":"^8.2.2","@types/which":"^2.0.1","@types/wrap-ansi":"^8.0.1","@types/write-file-atomic":"^4.0.0","@types/ws":"^8.5.3","@types/xtend":"^4.0.4","@types/yallist":"^4.0.1","@types/yargs":"^17.0.11","@types/yargs-parser":"^21.0.0","@types/yeast":"^0.1.1"}}
[08:27:35.685] Loaded content of '/home/kitamura/.cache/typescript/4.5/package-lock.json'
[08:27:35.691] Adding entry into typings cache: 'accepts' => '/home/kitamura/.cache/typescript/4.5/node_modules/@types/accepts/index.d.ts'
[08:27:35.693] Adding entry into typings cache: 'argparse' => '/home/kitamura/.cache/typescript/4.5/node_modules/@types/argparse/index.d.ts'
[08:27:35.693] Adding entry into typings cache: 'aria-query' => '/home/kitamura/.cache/typescript/4.5/node_modules/@types/aria-query/index.d.ts'
[08:27:35.694] Adding entry into typings cache: 'array.prototype.flat' => '/home/kitamura/.cache/typescript/4.5/node_modules/@types/array.prototype.flat/index.d.ts'
[08:27:35.695] Adding entry into typings cache: 'array.prototype.flatmap' => '/home/kitamura/.cache/typescript/4.5/node_modules/@types/array.prototype.flatmap/index.d.ts'
[08:27:35.695] Adding entry into typings cache: 'asap' => '/home/kitamura/.cache/typescript/4.5/node_modules/@types/asap/index.d.ts'
[08:27:35.696] Adding entry into typings cache: 'async' => '/home/kitamura/.cache/typescript/4.5/node_modules/@types/async/index.d.ts'
[08:27:35.697] Adding entry into typings cache: 'async-cache' => '/home/kitamura/.cache/typescript/4.5/node_modules/@types/async-cache/index.d.ts'
[08:27:35.698] Adding entry into typings cache: 'babel__core' => '/home/kitamura/.cache/typescript/4.5/node_modules/@types/babel__core/index.d.ts'
[08:27:35.699] Adding entry into typings cache: 'babel__generator' => '/home/kitamura/.cache/typescript/4.5/node_modules/@types/babel__generator/index.d.ts'
[08:27:35.700] Adding entry into typings cache: 'babel__helper-plugin-utils' => '/home/kitamura/.cache/typescript/4.5/node_modules/@types/babel__helper-plugin-utils/index.d.ts'
[08:27:35.700] Adding entry into typings cache: 'babel__plugin-transform-runtime' => '/home/kitamura/.cache/typescript/4.5/node_modules/@types/babel__plugin-transform-runtime/index.d.ts'
[08:27:35.701] Adding entry into typings cache: 'babel__preset-env' => '/home/kitamura/.cache/typescript/4.5/node_modules/@types/babel__preset-env/index.d.ts'
[08:27:35.702] Adding entry into typings cache: 'babel-plugin-macros' => '/home/kitamura/.cache/typescript/4.5/node_modules/@types/babel-plugin-macros/index.d.ts'
[08:27:35.703] Adding entry into typings cache: 'backo2' => '/home/kitamura/.cache/typescript/4.5/node_modules/@types/backo2/index.d.ts'
[08:27:35.704] Adding entry into typings cache: 'balanced-match' => '/home/kitamura/.cache/typescript/4.5/node_modules/@types/balanced-match/index.d.ts'
[08:27:35.704] Adding entry into typings cache: 'base64id' => '/home/kitamura/.cache/typescript/4.5/node_modules/@types/base64id/index.d.ts'
[08:27:35.705] Adding entry into typings cache: 'big.js' => '/home/kitamura/.cache/typescript/4.5/node_modules/@types/big.js/index.d.ts'
[08:27:35.706] Adding entry into typings cache: 'bl' => '/home/kitamura/.cache/typescript/4.5/node_modules/@types/bl/index.d.ts'
[08:27:35.706] Adding entry into typings cache: 'bluebird' => '/home/kitamura/.cache/typescript/4.5/node_modules/@types/bluebird/index.d.ts'
[08:27:35.707] Adding entry into typings cache: 'body-parser' => '/home/kitamura/.cache/typescript/4.5/node_modules/@types/body-parser/index.d.ts'
[08:27:35.707] Adding entry into typings cache: 'boolbase' => '/home/kitamura/.cache/typescript/4.5/node_modules/@types/boolbase/index.d.ts'
[08:27:35.708] Adding entry into typings cache: 'brace-expansion' => '/home/kitamura/.cache/typescript/4.5/node_modules/@types/brace-expansion/index.d.ts'
[08:27:35.709] Adding entry into typings cache: 'braces' => '/home/kitamura/.cache/typescript/4.5/node_modules/@types/braces/index.d.ts'
[08:27:35.709] Adding entry into typings cache: 'bser' => '/home/kitamura/.cache/typescript/4.5/node_modules/@types/bser/index.d.ts'
[08:27:35.710] Adding entry into typings cache: 'buffer-from' => '/home/kitamura/.cache/typescript/4.5/node_modules/@types/buffer-from/index.d.ts'
[08:27:35.711] Adding entry into typings cache: 'busboy' => '/home/kitamura/.cache/typescript/4.5/node_modules/@types/busboy/index.d.ts'
[08:27:35.711] Adding entry into typings cache: 'bytes' => '/home/kitamura/.cache/typescript/4.5/node_modules/@types/bytes/index.d.ts'
[08:27:35.711] Adding entry into typings cache: 'cache-manager' => '/home/kitamura/.cache/typescript/4.5/node_modules/@types/cache-manager/index.d.ts'
[08:27:35.712] Adding entry into typings cache: 'cacheable-request' => '/home/kitamura/.cache/typescript/4.5/node_modules/@types/cacheable-request/index.d.ts'
[08:27:35.712] Adding entry into typings cache: 'call-bind' => '/home/kitamura/.cache/typescript/4.5/node_modules/@types/call-bind/index.d.ts'
[08:27:35.713] Adding entry into typings cache: 'camelcase-css' => '/home/kitamura/.cache/typescript/4.5/node_modules/@types/camelcase-css/index.d.ts'
[08:27:35.713] Adding entry into typings cache: 'caniuse-api' => '/home/kitamura/.cache/typescript/4.5/node_modules/@types/caniuse-api/index.d.ts'
[08:27:35.714] Adding entry into typings cache: 'caniuse-lite' => '/home/kitamura/.cache/typescript/4.5/node_modules/@types/caniuse-lite/index.d.ts'
[08:27:35.714] Adding entry into typings cache: 'chardet' => '/home/kitamura/.cache/typescript/4.5/node_modules/@types/chardet/index.d.ts'
[08:27:35.715] Adding entry into typings cache: 'chownr' => '/home/kitamura/.cache/typescript/4.5/node_modules/@types/chownr/index.d.ts'
[08:27:35.716] Adding entry into typings cache: 'clone' => '/home/kitamura/.cache/typescript/4.5/node_modules/@types/clone/index.d.ts'
[08:27:35.716] Adding entry into typings cache: 'clone-deep' => '/home/kitamura/.cache/typescript/4.5/node_modules/@types/clone-deep/index.d.ts'
[08:27:35.716] Adding entry into typings cache: 'co' => '/home/kitamura/.cache/typescript/4.5/node_modules/@types/co/index.d.ts'
[08:27:35.717] Adding entry into typings cache: 'color' => '/home/kitamura/.cache/typescript/4.5/node_modules/@types/color/index.d.ts'
[08:27:35.717] Adding entry into typings cache: 'color-convert' => '/home/kitamura/.cache/typescript/4.5/node_modules/@types/color-convert/index.d.ts'
[08:27:35.717] Adding entry into typings cache: 'color-name' => '/home/kitamura/.cache/typescript/4.5/node_modules/@types/color-name/index.d.ts'
[08:27:35.718] Adding entry into typings cache: 'color-string' => '/home/kitamura/.cache/typescript/4.5/node_modules/@types/color-string/index.d.ts'
[08:27:35.719] Adding entry into typings cache: 'combined-stream' => '/home/kitamura/.cache/typescript/4.5/node_modules/@types/combined-stream/index.d.ts'
[08:27:35.719] Adding entry into typings cache: 'command-exists' => '/home/kitamura/.cache/typescript/4.5/node_modules/@types/command-exists/index.d.ts'
[08:27:35.720] Adding entry into typings cache: 'common-tags' => '/home/kitamura/.cache/typescript/4.5/node_modules/@types/common-tags/index.d.ts'
[08:27:35.720] Adding entry into typings cache: 'commondir' => '/home/kitamura/.cache/typescript/4.5/node_modules/@types/commondir/index.d.ts'
[08:27:35.720] Adding entry into typings cache: 'component-emitter' => '/home/kitamura/.cache/typescript/4.5/node_modules/@types/component-emitter/index.d.ts'
[08:27:35.720] Adding entry into typings cache: 'compressible' => '/home/kitamura/.cache/typescript/4.5/node_modules/@types/compressible/index.d.ts'
[08:27:35.721] Adding entry into typings cache: 'compression' => '/home/kitamura/.cache/typescript/4.5/node_modules/@types/compression/index.d.ts'
[08:27:35.721] Adding entry into typings cache: 'concat-map' => '/home/kitamura/.cache/typescript/4.5/node_modules/@types/concat-map/index.d.ts'
[08:27:35.722] Adding entry into typings cache: 'concat-stream' => '/home/kitamura/.cache/typescript/4.5/node_modules/@types/concat-stream/index.d.ts'
[08:27:35.722] Adding entry into typings cache: 'configstore' => '/home/kitamura/.cache/typescript/4.5/node_modules/@types/configstore/index.d.ts'
[08:27:35.723] Adding entry into typings cache: 'confusing-browser-globals' => '/home/kitamura/.cache/typescript/4.5/node_modules/@types/confusing-browser-globals/index.d.ts'
[08:27:35.723] Adding entry into typings cache: 'connect-history-api-fallback' => '/home/kitamura/.cache/typescript/4.5/node_modules/@types/connect-history-api-fallback/index.d.ts'
[08:27:35.723] Adding entry into typings cache: 'content-disposition' => '/home/kitamura/.cache/typescript/4.5/node_modules/@types/content-disposition/index.d.ts'
[08:27:35.724] Adding entry into typings cache: 'content-type' => '/home/kitamura/.cache/typescript/4.5/node_modules/@types/content-type/index.d.ts'
[08:27:35.724] Adding entry into typings cache: 'convert-source-map' => '/home/kitamura/.cache/typescript/4.5/node_modules/@types/convert-source-map/index.d.ts'
[08:27:35.724] Adding entry into typings cache: 'cookie' => '/home/kitamura/.cache/typescript/4.5/node_modules/@types/cookie/index.d.ts'
[08:27:35.725] Adding entry into typings cache: 'cookie-signature' => '/home/kitamura/.cache/typescript/4.5/node_modules/@types/cookie-signature/index.d.ts'
[08:27:35.725] Adding entry into typings cache: 'copy' => '/home/kitamura/.cache/typescript/4.5/node_modules/@types/copy/index.d.ts'
[08:27:35.726] Adding entry into typings cache: 'core-js' => '/home/kitamura/.cache/typescript/4.5/node_modules/@types/core-js/index.d.ts'
[08:27:35.726] Adding entry into typings cache: 'cors' => '/home/kitamura/.cache/typescript/4.5/node_modules/@types/cors/index.d.ts'
[08:27:35.727] Adding entry into typings cache: 'cross-spawn' => '/home/kitamura/.cache/typescript/4.5/node_modules/@types/cross-spawn/index.d.ts'
[08:27:35.727] Adding entry into typings cache: 'css-tree' => '/home/kitamura/.cache/typescript/4.5/node_modules/@types/css-tree/index.d.ts'
[08:27:35.727] Adding entry into typings cache: 'css.escape' => '/home/kitamura/.cache/typescript/4.5/node_modules/@types/css.escape/index.d.ts'
[08:27:35.728] Adding entry into typings cache: 'cssesc' => '/home/kitamura/.cache/typescript/4.5/node_modules/@types/cssesc/index.d.ts'
[08:27:35.728] Adding entry into typings cache: 'csso' => '/home/kitamura/.cache/typescript/4.5/node_modules/@types/csso/index.d.ts'
[08:27:35.729] Adding entry into typings cache: 'd' => '/home/kitamura/.cache/typescript/4.5/node_modules/@types/d/index.d.ts'
[08:27:35.729] Adding entry into typings cache: 'damerau-levenshtein' => '/home/kitamura/.cache/typescript/4.5/node_modules/@types/damerau-levenshtein/index.d.ts'
[08:27:35.729] Adding entry into typings cache: 'debug' => '/home/kitamura/.cache/typescript/4.5/node_modules/@types/debug/index.d.ts'
[08:27:35.730] Adding entry into typings cache: 'decode-uri-component' => '/home/kitamura/.cache/typescript/4.5/node_modules/@types/decode-uri-component/index.d.ts'
[08:27:35.731] Adding entry into typings cache: 'deep-extend' => '/home/kitamura/.cache/typescript/4.5/node_modules/@types/deep-extend/index.d.ts'
[08:27:35.731] Adding entry into typings cache: 'default-gateway' => '/home/kitamura/.cache/typescript/4.5/node_modules/@types/default-gateway/index.d.ts'
[08:27:35.731] Adding entry into typings cache: 'define-properties' => '/home/kitamura/.cache/typescript/4.5/node_modules/@types/define-properties/index.d.ts'
[08:27:35.732] Adding entry into typings cache: 'depd' => '/home/kitamura/.cache/typescript/4.5/node_modules/@types/depd/index.d.ts'
[08:27:35.732] Adding entry into typings cache: 'destroy' => '/home/kitamura/.cache/typescript/4.5/node_modules/@types/destroy/index.d.ts'
[08:27:35.733] Adding entry into typings cache: 'detect-libc' => '/home/kitamura/.cache/typescript/4.5/node_modules/@types/detect-libc/index.d.ts'
[08:27:35.733] Adding entry into typings cache: 'detect-node' => '/home/kitamura/.cache/typescript/4.5/node_modules/@types/detect-node/index.d.ts'
[08:27:35.734] Adding entry into typings cache: 'detect-port' => '/home/kitamura/.cache/typescript/4.5/node_modules/@types/detect-port/index.d.ts'
[08:27:35.734] Adding entry into typings cache: 'diff' => '/home/kitamura/.cache/typescript/4.5/node_modules/@types/diff/index.d.ts'
[08:27:35.735] Adding entry into typings cache: 'dir-glob' => '/home/kitamura/.cache/typescript/4.5/node_modules/@types/dir-glob/index.d.ts'
[08:27:35.735] Adding entry into typings cache: 'dns-packet' => '/home/kitamura/.cache/typescript/4.5/node_modules/@types/dns-packet/index.d.ts'
[08:27:35.736] Adding entry into typings cache: 'doctrine' => '/home/kitamura/.cache/typescript/4.5/node_modules/@types/doctrine/index.d.ts'
[08:27:35.736] Adding entry into typings cache: 'duplexer3' => '/home/kitamura/.cache/typescript/4.5/node_modules/@types/duplexer3/index.d.ts'
[08:27:35.737] Adding entry into typings cache: 'ee-first' => '/home/kitamura/.cache/typescript/4.5/node_modules/@types/ee-first/index.d.ts'
[08:27:35.737] Adding entry into typings cache: 'encodeurl' => '/home/kitamura/.cache/typescript/4.5/node_modules/@types/encodeurl/index.d.ts'
[08:27:35.737] Adding entry into typings cache: 'end-of-stream' => '/home/kitamura/.cache/typescript/4.5/node_modules/@types/end-of-stream/index.d.ts'
[08:27:35.737] Adding entry into typings cache: 'engine.io' => '/home/kitamura/.cache/typescript/4.5/node_modules/@types/engine.io/index.d.ts'
[08:27:35.738] Adding entry into typings cache: 'engine.io-client' => '/home/kitamura/.cache/typescript/4.5/node_modules/@types/engine.io-client/index.d.ts'
[08:27:35.738] Adding entry into typings cache: 'envinfo' => '/home/kitamura/.cache/typescript/4.5/node_modules/@types/envinfo/index.d.ts'
[08:27:35.739] Adding entry into typings cache: 'es-abstract' => '/home/kitamura/.cache/typescript/4.5/node_modules/@types/es-abstract/index.d.ts'
[08:27:35.739] Adding entry into typings cache: 'es-to-primitive' => '/home/kitamura/.cache/typescript/4.5/node_modules/@types/es-to-primitive/index.d.ts'
[08:27:35.739] Adding entry into typings cache: 'es6-weak-map' => '/home/kitamura/.cache/typescript/4.5/node_modules/@types/es6-weak-map/index.d.ts'
[08:27:35.740] Adding entry into typings cache: 'escape-html' => '/home/kitamura/.cache/typescript/4.5/node_modules/@types/escape-html/index.d.ts'
[08:27:35.741] Adding entry into typings cache: 'eslint' => '/home/kitamura/.cache/typescript/4.5/node_modules/@types/eslint/index.d.ts'
[08:27:35.742] Adding entry into typings cache: 'eslint-scope' => '/home/kitamura/.cache/typescript/4.5/node_modules/@types/eslint-scope/index.d.ts'
[08:27:35.742] Adding entry into typings cache: 'eslint-utils' => '/home/kitamura/.cache/typescript/4.5/node_modules/@types/eslint-utils/index.d.ts'
[08:27:35.742] Adding entry into typings cache: 'eslint-visitor-keys' => '/home/kitamura/.cache/typescript/4.5/node_modules/@types/eslint-visitor-keys/index.d.ts'
[08:27:35.742] Adding entry into typings cache: 'esprima' => '/home/kitamura/.cache/typescript/4.5/node_modules/@types/esprima/index.d.ts'
[08:27:35.743] Adding entry into typings cache: 'esquery' => '/home/kitamura/.cache/typescript/4.5/node_modules/@types/esquery/index.d.ts'
[08:27:35.743] Adding entry into typings cache: 'estraverse' => '/home/kitamura/.cache/typescript/4.5/node_modules/@types/estraverse/index.d.ts'
[08:27:35.743] Adding entry into typings cache: 'esutils' => '/home/kitamura/.cache/typescript/4.5/node_modules/@types/esutils/index.d.ts'
[08:27:35.744] Adding entry into typings cache: 'etag' => '/home/kitamura/.cache/typescript/4.5/node_modules/@types/etag/index.d.ts'
[08:27:35.744] Adding entry into typings cache: 'event-emitter' => '/home/kitamura/.cache/typescript/4.5/node_modules/@types/event-emitter/index.d.ts'
[08:27:35.744] Adding entry into typings cache: 'event-source-polyfill' => '/home/kitamura/.cache/typescript/4.5/node_modules/@types/event-source-polyfill/index.d.ts'
[08:27:35.745] Adding entry into typings cache: 'events' => '/home/kitamura/.cache/typescript/4.5/node_modules/@types/events/index.d.ts'
[08:27:35.745] Adding entry into typings cache: 'express' => '/home/kitamura/.cache/typescript/4.5/node_modules/@types/express/index.d.ts'
[08:27:35.745] Adding entry into typings cache: 'express-http-proxy' => '/home/kitamura/.cache/typescript/4.5/node_modules/@types/express-http-proxy/index.d.ts'
[08:27:35.745] Adding entry into typings cache: 'extend' => '/home/kitamura/.cache/typescript/4.5/node_modules/@types/extend/index.d.ts'
[08:27:35.746] Adding entry into typings cache: 'extract-files' => '/home/kitamura/.cache/typescript/4.5/node_modules/@types/extract-files/index.d.ts'
[08:27:35.746] Adding entry into typings cache: 'fast-levenshtein' => '/home/kitamura/.cache/typescript/4.5/node_modules/@types/fast-levenshtein/index.d.ts'
[08:27:35.747] Adding entry into typings cache: 'fb-watchman' => '/home/kitamura/.cache/typescript/4.5/node_modules/@types/fb-watchman/index.d.ts'
[08:27:35.747] Adding entry into typings cache: 'fbjs' => '/home/kitamura/.cache/typescript/4.5/node_modules/@types/fbjs/index.d.ts'
[08:27:35.747] Adding entry into typings cache: 'file-entry-cache' => '/home/kitamura/.cache/typescript/4.5/node_modules/@types/file-entry-cache/index.d.ts'
[08:27:35.747] Adding entry into typings cache: 'file-loader' => '/home/kitamura/.cache/typescript/4.5/node_modules/@types/file-loader/index.d.ts'
[08:27:35.748] Adding entry into typings cache: 'fill-range' => '/home/kitamura/.cache/typescript/4.5/node_modules/@types/fill-range/index.d.ts'
[08:27:35.748] Adding entry into typings cache: 'finalhandler' => '/home/kitamura/.cache/typescript/4.5/node_modules/@types/finalhandler/index.d.ts'
[08:27:35.749] Adding entry into typings cache: 'find-cache-dir' => '/home/kitamura/.cache/typescript/4.5/node_modules/@types/find-cache-dir/index.d.ts'
[08:27:35.749] Adding entry into typings cache: 'find-root' => '/home/kitamura/.cache/typescript/4.5/node_modules/@types/find-root/index.d.ts'
[08:27:35.749] Adding entry into typings cache: 'flat-cache' => '/home/kitamura/.cache/typescript/4.5/node_modules/@types/flat-cache/index.d.ts'
[08:27:35.750] Adding entry into typings cache: 'follow-redirects' => '/home/kitamura/.cache/typescript/4.5/node_modules/@types/follow-redirects/index.d.ts'
[08:27:35.750] Adding entry into typings cache: 'forwarded' => '/home/kitamura/.cache/typescript/4.5/node_modules/@types/forwarded/index.d.ts'
[08:27:35.751] Adding entry into typings cache: 'fresh' => '/home/kitamura/.cache/typescript/4.5/node_modules/@types/fresh/index.d.ts'
[08:27:35.751] Adding entry into typings cache: 'fs-extra' => '/home/kitamura/.cache/typescript/4.5/node_modules/@types/fs-extra/index.d.ts'
[08:27:35.751] Adding entry into typings cache: 'function-bind' => '/home/kitamura/.cache/typescript/4.5/node_modules/@types/function-bind/index.d.ts'
[08:27:35.752] Adding entry into typings cache: 'functional-red-black-tree' => '/home/kitamura/.cache/typescript/4.5/node_modules/@types/functional-red-black-tree/index.d.ts'
[08:27:35.753] Adding entry into typings cache: 'gatsby-transformer-remark' => '/home/kitamura/.cache/typescript/4.5/node_modules/@types/gatsby-transformer-remark/index.d.ts'
[08:27:35.753] Adding entry into typings cache: 'gensync' => '/home/kitamura/.cache/typescript/4.5/node_modules/@types/gensync/index.d.ts'
[08:27:35.753] Adding entry into typings cache: 'get-intrinsic' => '/home/kitamura/.cache/typescript/4.5/node_modules/@types/get-intrinsic/index.d.ts'
[08:27:35.753] Adding entry into typings cache: 'gh-pages' => '/home/kitamura/.cache/typescript/4.5/node_modules/@types/gh-pages/index.d.ts'
[08:27:35.754] Adding entry into typings cache: 'github-slugger' => '/home/kitamura/.cache/typescript/4.5/node_modules/@types/github-slugger/index.d.ts'
[08:27:35.754] Adding entry into typings cache: 'glob' => '/home/kitamura/.cache/typescript/4.5/node_modules/@types/glob/index.d.ts'
[08:27:35.755] Adding entry into typings cache: 'glob-parent' => '/home/kitamura/.cache/typescript/4.5/node_modules/@types/glob-parent/index.d.ts'
[08:27:35.755] Adding entry into typings cache: 'glob-to-regexp' => '/home/kitamura/.cache/typescript/4.5/node_modules/@types/glob-to-regexp/index.d.ts'
[08:27:35.755] Adding entry into typings cache: 'global-modules' => '/home/kitamura/.cache/typescript/4.5/node_modules/@types/global-modules/index.d.ts'
[08:27:35.756] Adding entry into typings cache: 'global-prefix' => '/home/kitamura/.cache/typescript/4.5/node_modules/@types/global-prefix/index.d.ts'
[08:27:35.756] Adding entry into typings cache: 'graceful-fs' => '/home/kitamura/.cache/typescript/4.5/node_modules/@types/graceful-fs/index.d.ts'
[08:27:35.757] Adding entry into typings cache: 'has' => '/home/kitamura/.cache/typescript/4.5/node_modules/@types/has/index.d.ts'
[08:27:35.757] Adding entry into typings cache: 'has-symbols' => '/home/kitamura/.cache/typescript/4.5/node_modules/@types/has-symbols/index.d.ts'
[08:27:35.758] Adding entry into typings cache: 'he' => '/home/kitamura/.cache/typescript/4.5/node_modules/@types/he/index.d.ts'
[08:27:35.758] Adding entry into typings cache: 'hoist-non-react-statics' => '/home/kitamura/.cache/typescript/4.5/node_modules/@types/hoist-non-react-statics/index.d.ts'
[08:27:35.759] Adding entry into typings cache: 'hosted-git-info' => '/home/kitamura/.cache/typescript/4.5/node_modules/@types/hosted-git-info/index.d.ts'
[08:27:35.759] Adding entry into typings cache: 'http-cache-semantics' => '/home/kitamura/.cache/typescript/4.5/node_modules/@types/http-cache-semantics/index.d.ts'
[08:27:35.759] Adding entry into typings cache: 'http-errors' => '/home/kitamura/.cache/typescript/4.5/node_modules/@types/http-errors/index.d.ts'
[08:27:35.760] Adding entry into typings cache: 'http-proxy' => '/home/kitamura/.cache/typescript/4.5/node_modules/@types/http-proxy/index.d.ts'
[08:27:35.760] Adding entry into typings cache: 'icss-utils' => '/home/kitamura/.cache/typescript/4.5/node_modules/@types/icss-utils/index.d.ts'
[08:27:35.760] Adding entry into typings cache: 'imurmurhash' => '/home/kitamura/.cache/typescript/4.5/node_modules/@types/imurmurhash/index.d.ts'
[08:27:35.760] Adding entry into typings cache: 'inherits' => '/home/kitamura/.cache/typescript/4.5/node_modules/@types/inherits/index.d.ts'
[08:27:35.760] Adding entry into typings cache: 'ini' => '/home/kitamura/.cache/typescript/4.5/node_modules/@types/ini/index.d.ts'
[08:27:35.761] Adding entry into typings cache: 'inquirer' => '/home/kitamura/.cache/typescript/4.5/node_modules/@types/inquirer/index.d.ts'
[08:27:35.761] Adding entry into typings cache: 'internal-slot' => '/home/kitamura/.cache/typescript/4.5/node_modules/@types/internal-slot/index.d.ts'
[08:27:35.762] Adding entry into typings cache: 'interpret' => '/home/kitamura/.cache/typescript/4.5/node_modules/@types/interpret/index.d.ts'
[08:27:35.762] Adding entry into typings cache: 'invariant' => '/home/kitamura/.cache/typescript/4.5/node_modules/@types/invariant/index.d.ts'
[08:27:35.762] Adding entry into typings cache: 'is-absolute' => '/home/kitamura/.cache/typescript/4.5/node_modules/@types/is-absolute/index.d.ts'
[08:27:35.762] Adding entry into typings cache: 'is-bigint' => '/home/kitamura/.cache/typescript/4.5/node_modules/@types/is-bigint/index.d.ts'
[08:27:35.762] Adding entry into typings cache: 'is-boolean-object' => '/home/kitamura/.cache/typescript/4.5/node_modules/@types/is-boolean-object/index.d.ts'
[08:27:35.763] Adding entry into typings cache: 'is-buffer' => '/home/kitamura/.cache/typescript/4.5/node_modules/@types/is-buffer/index.d.ts'
[08:27:35.763] Adding entry into typings cache: 'is-callable' => '/home/kitamura/.cache/typescript/4.5/node_modules/@types/is-callable/index.d.ts'
[08:27:35.763] Adding entry into typings cache: 'is-ci' => '/home/kitamura/.cache/typescript/4.5/node_modules/@types/is-ci/index.d.ts'
[08:27:35.763] Adding entry into typings cache: 'is-core-module' => '/home/kitamura/.cache/typescript/4.5/node_modules/@types/is-core-module/index.d.ts'
[08:27:35.763] Adding entry into typings cache: 'is-date-object' => '/home/kitamura/.cache/typescript/4.5/node_modules/@types/is-date-object/index.d.ts'
[08:27:35.764] Adding entry into typings cache: 'is-glob' => '/home/kitamura/.cache/typescript/4.5/node_modules/@types/is-glob/index.d.ts'
[08:27:35.765] Adding entry into typings cache: 'is-number' => '/home/kitamura/.cache/typescript/4.5/node_modules/@types/is-number/index.d.ts'
[08:27:35.765] Adding entry into typings cache: 'is-regex' => '/home/kitamura/.cache/typescript/4.5/node_modules/@types/is-regex/index.d.ts'
[08:27:35.765] Adding entry into typings cache: 'is-relative' => '/home/kitamura/.cache/typescript/4.5/node_modules/@types/is-relative/index.d.ts'
[08:27:35.765] Adding entry into typings cache: 'is-ssh' => '/home/kitamura/.cache/typescript/4.5/node_modules/@types/is-ssh/index.d.ts'
[08:27:35.766] Adding entry into typings cache: 'is-string' => '/home/kitamura/.cache/typescript/4.5/node_modules/@types/is-string/index.d.ts'
[08:27:35.766] Adding entry into typings cache: 'is-typedarray' => '/home/kitamura/.cache/typescript/4.5/node_modules/@types/is-typedarray/index.d.ts'
[08:27:35.766] Adding entry into typings cache: 'is-unc-path' => '/home/kitamura/.cache/typescript/4.5/node_modules/@types/is-unc-path/index.d.ts'
[08:27:35.766] Adding entry into typings cache: 'is-valid-path' => '/home/kitamura/.cache/typescript/4.5/node_modules/@types/is-valid-path/index.d.ts'
[08:27:35.766] Adding entry into typings cache: 'is-windows' => '/home/kitamura/.cache/typescript/4.5/node_modules/@types/is-windows/index.d.ts'
[08:27:35.767] Adding entry into typings cache: 'isarray' => '/home/kitamura/.cache/typescript/4.5/node_modules/@types/isarray/index.d.ts'
[08:27:35.767] Adding entry into typings cache: 'isexe' => '/home/kitamura/.cache/typescript/4.5/node_modules/@types/isexe/index.d.ts'
[08:27:35.767] Adding entry into typings cache: 'js-yaml' => '/home/kitamura/.cache/typescript/4.5/node_modules/@types/js-yaml/index.d.ts'
[08:27:35.767] Adding entry into typings cache: 'jsesc' => '/home/kitamura/.cache/typescript/4.5/node_modules/@types/jsesc/index.d.ts'
[08:27:35.768] Adding entry into typings cache: 'json-buffer' => '/home/kitamura/.cache/typescript/4.5/node_modules/@types/json-buffer/index.d.ts'
[08:27:35.768] Adding entry into typings cache: 'json-parse-better-errors' => '/home/kitamura/.cache/typescript/4.5/node_modules/@types/json-parse-better-errors/index.d.ts'
[08:27:35.768] Adding entry into typings cache: 'jsonfile' => '/home/kitamura/.cache/typescript/4.5/node_modules/@types/jsonfile/index.d.ts'
[08:27:35.768] Adding entry into typings cache: 'kind-of' => '/home/kitamura/.cache/typescript/4.5/node_modules/@types/kind-of/index.d.ts'
[08:27:35.769] Adding entry into typings cache: 'language-tags' => '/home/kitamura/.cache/typescript/4.5/node_modules/@types/language-tags/index.d.ts'
[08:27:35.769] Adding entry into typings cache: 'loader-runner' => '/home/kitamura/.cache/typescript/4.5/node_modules/@types/loader-runner/index.d.ts'
[08:27:35.769] Adding entry into typings cache: 'loader-utils' => '/home/kitamura/.cache/typescript/4.5/node_modules/@types/loader-utils/index.d.ts'
[08:27:35.770] Adding entry into typings cache: 'lodash' => '/home/kitamura/.cache/typescript/4.5/node_modules/@types/lodash/index.d.ts'
[08:27:35.770] Adding entry into typings cache: 'lodash.clonedeep' => '/home/kitamura/.cache/typescript/4.5/node_modules/@types/lodash.clonedeep/index.d.ts'
[08:27:35.770] Adding entry into typings cache: 'lodash.debounce' => '/home/kitamura/.cache/typescript/4.5/node_modules/@types/lodash.debounce/index.d.ts'
[08:27:35.770] Adding entry into typings cache: 'lodash.deburr' => '/home/kitamura/.cache/typescript/4.5/node_modules/@types/lodash.deburr/index.d.ts'
[08:27:35.771] Adding entry into typings cache: 'lodash.every' => '/home/kitamura/.cache/typescript/4.5/node_modules/@types/lodash.every/index.d.ts'
[08:27:35.771] Adding entry into typings cache: 'lodash.flatten' => '/home/kitamura/.cache/typescript/4.5/node_modules/@types/lodash.flatten/index.d.ts'
[08:27:35.771] Adding entry into typings cache: 'lodash.flattendeep' => '/home/kitamura/.cache/typescript/4.5/node_modules/@types/lodash.flattendeep/index.d.ts'
[08:27:35.771] Adding entry into typings cache: 'lodash.foreach' => '/home/kitamura/.cache/typescript/4.5/node_modules/@types/lodash.foreach/index.d.ts'
[08:27:35.771] Adding entry into typings cache: 'lodash.get' => '/home/kitamura/.cache/typescript/4.5/node_modules/@types/lodash.get/index.d.ts'
[08:27:35.772] Adding entry into typings cache: 'lodash.maxby' => '/home/kitamura/.cache/typescript/4.5/node_modules/@types/lodash.maxby/index.d.ts'
[08:27:35.772] Adding entry into typings cache: 'lodash.memoize' => '/home/kitamura/.cache/typescript/4.5/node_modules/@types/lodash.memoize/index.d.ts'
[08:27:35.772] Adding entry into typings cache: 'lodash.merge' => '/home/kitamura/.cache/typescript/4.5/node_modules/@types/lodash.merge/index.d.ts'
[08:27:35.772] Adding entry into typings cache: 'lodash.truncate' => '/home/kitamura/.cache/typescript/4.5/node_modules/@types/lodash.truncate/index.d.ts'
[08:27:35.772] Adding entry into typings cache: 'lodash.uniq' => '/home/kitamura/.cache/typescript/4.5/node_modules/@types/lodash.uniq/index.d.ts'
[08:27:35.772] Adding entry into typings cache: 'lodash.without' => '/home/kitamura/.cache/typescript/4.5/node_modules/@types/lodash.without/index.d.ts'
[08:27:35.773] Adding entry into typings cache: 'lru-cache' => '/home/kitamura/.cache/typescript/4.5/node_modules/@types/lru-cache/index.d.ts'
[08:27:35.773] Adding entry into typings cache: 'mdurl' => '/home/kitamura/.cache/typescript/4.5/node_modules/@types/mdurl/index.d.ts'
[08:27:35.773] Adding entry into typings cache: 'mdx-js__react' => '/home/kitamura/.cache/typescript/4.5/node_modules/@types/mdx-js__react/index.d.ts'
[08:27:35.773] Adding entry into typings cache: 'media-typer' => '/home/kitamura/.cache/typescript/4.5/node_modules/@types/media-typer/index.d.ts'
[08:27:35.774] Adding entry into typings cache: 'memoizee' => '/home/kitamura/.cache/typescript/4.5/node_modules/@types/memoizee/index.d.ts'
[08:27:35.774] Adding entry into typings cache: 'merge-descriptors' => '/home/kitamura/.cache/typescript/4.5/node_modules/@types/merge-descriptors/index.d.ts'
[08:27:35.774] Adding entry into typings cache: 'merge-stream' => '/home/kitamura/.cache/typescript/4.5/node_modules/@types/merge-stream/index.d.ts'
[08:27:35.774] Adding entry into typings cache: 'merge2' => '/home/kitamura/.cache/typescript/4.5/node_modules/@types/merge2/index.d.ts'
[08:27:35.775] Adding entry into typings cache: 'methods' => '/home/kitamura/.cache/typescript/4.5/node_modules/@types/methods/index.d.ts'
[08:27:35.775] Adding entry into typings cache: 'micromatch' => '/home/kitamura/.cache/typescript/4.5/node_modules/@types/micromatch/index.d.ts'
[08:27:35.776] Adding entry into typings cache: 'mime' => '/home/kitamura/.cache/typescript/4.5/node_modules/@types/mime/index.d.ts'
[08:27:35.777] Adding entry into typings cache: 'mime-db' => '/home/kitamura/.cache/typescript/4.5/node_modules/@types/mime-db/index.d.ts'
[08:27:35.777] Adding entry into typings cache: 'mime-types' => '/home/kitamura/.cache/typescript/4.5/node_modules/@types/mime-types/index.d.ts'
[08:27:35.777] Adding entry into typings cache: 'minimalistic-assert' => '/home/kitamura/.cache/typescript/4.5/node_modules/@types/minimalistic-assert/index.d.ts'
[08:27:35.777] Adding entry into typings cache: 'minimatch' => '/home/kitamura/.cache/typescript/4.5/node_modules/@types/minimatch/index.d.ts'
[08:27:35.778] Adding entry into typings cache: 'minimist' => '/home/kitamura/.cache/typescript/4.5/node_modules/@types/minimist/index.d.ts'
[08:27:35.778] Adding entry into typings cache: 'mkdirp' => '/home/kitamura/.cache/typescript/4.5/node_modules/@types/mkdirp/index.d.ts'
[08:27:35.778] Adding entry into typings cache: 'ms' => '/home/kitamura/.cache/typescript/4.5/node_modules/@types/ms/index.d.ts'
[08:27:35.778] Adding entry into typings cache: 'multer' => '/home/kitamura/.cache/typescript/4.5/node_modules/@types/multer/index.d.ts'
[08:27:35.779] Adding entry into typings cache: 'multicast-dns' => '/home/kitamura/.cache/typescript/4.5/node_modules/@types/multicast-dns/index.d.ts'
[08:27:35.779] Adding entry into typings cache: 'mute-stream' => '/home/kitamura/.cache/typescript/4.5/node_modules/@types/mute-stream/index.d.ts'
[08:27:35.779] Adding entry into typings cache: 'natural-compare' => '/home/kitamura/.cache/typescript/4.5/node_modules/@types/natural-compare/index.d.ts'
[08:27:35.780] Adding entry into typings cache: 'needle' => '/home/kitamura/.cache/typescript/4.5/node_modules/@types/needle/index.d.ts'
[08:27:35.780] Adding entry into typings cache: 'negotiator' => '/home/kitamura/.cache/typescript/4.5/node_modules/@types/negotiator/index.d.ts'
[08:27:35.780] Adding entry into typings cache: 'next-tick' => '/home/kitamura/.cache/typescript/4.5/node_modules/@types/next-tick/index.d.ts'
[08:27:35.780] Adding entry into typings cache: 'nice-try' => '/home/kitamura/.cache/typescript/4.5/node_modules/@types/nice-try/index.d.ts'
[08:27:35.780] Adding entry into typings cache: 'node-abi' => '/home/kitamura/.cache/typescript/4.5/node_modules/@types/node-abi/index.d.ts'
[08:27:35.781] Adding entry into typings cache: 'node-fetch' => '/home/kitamura/.cache/typescript/4.5/node_modules/@types/node-fetch/index.d.ts'
[08:27:35.781] Adding entry into typings cache: 'node-forge' => '/home/kitamura/.cache/typescript/4.5/node_modules/@types/node-forge/index.d.ts'
[08:27:35.781] Adding entry into typings cache: 'node-int64' => '/home/kitamura/.cache/typescript/4.5/node_modules/@types/node-int64/index.d.ts'
[08:27:35.782] Adding entry into typings cache: 'normalize-path' => '/home/kitamura/.cache/typescript/4.5/node_modules/@types/normalize-path/index.d.ts'
[08:27:35.782] Adding entry into typings cache: 'object-assign' => '/home/kitamura/.cache/typescript/4.5/node_modules/@types/object-assign/index.d.ts'
[08:27:35.782] Adding entry into typings cache: 'object-fit-images' => '/home/kitamura/.cache/typescript/4.5/node_modules/@types/object-fit-images/index.d.ts'
[08:27:35.782] Adding entry into typings cache: 'object-inspect' => '/home/kitamura/.cache/typescript/4.5/node_modules/@types/object-inspect/index.d.ts'
[08:27:35.783] Adding entry into typings cache: 'object-keys' => '/home/kitamura/.cache/typescript/4.5/node_modules/@types/object-keys/index.d.ts'
[08:27:35.783] Adding entry into typings cache: 'object.fromentries' => '/home/kitamura/.cache/typescript/4.5/node_modules/@types/object.fromentries/index.d.ts'
[08:27:35.783] Adding entry into typings cache: 'object.getownpropertydescriptors' => '/home/kitamura/.cache/typescript/4.5/node_modules/@types/object.getownpropertydescriptors/index.d.ts'
[08:27:35.783] Adding entry into typings cache: 'on-finished' => '/home/kitamura/.cache/typescript/4.5/node_modules/@types/on-finished/index.d.ts'
[08:27:35.783] Adding entry into typings cache: 'on-headers' => '/home/kitamura/.cache/typescript/4.5/node_modules/@types/on-headers/index.d.ts'
[08:27:35.783] Adding entry into typings cache: 'once' => '/home/kitamura/.cache/typescript/4.5/node_modules/@types/once/index.d.ts'
[08:27:35.784] Adding entry into typings cache: 'os-tmpdir' => '/home/kitamura/.cache/typescript/4.5/node_modules/@types/os-tmpdir/index.d.ts'
[08:27:35.784] Adding entry into typings cache: 'parse-filepath' => '/home/kitamura/.cache/typescript/4.5/node_modules/@types/parse-filepath/index.d.ts'
[08:27:35.784] Adding entry into typings cache: 'parse-json' => '/home/kitamura/.cache/typescript/4.5/node_modules/@types/parse-json/index.d.ts'
[08:27:35.784] Adding entry into typings cache: 'parse-path' => '/home/kitamura/.cache/typescript/4.5/node_modules/@types/parse-path/index.d.ts'
[08:27:35.784] Adding entry into typings cache: 'parseurl' => '/home/kitamura/.cache/typescript/4.5/node_modules/@types/parseurl/index.d.ts'
[08:27:35.784] Adding entry into typings cache: 'path-is-absolute' => '/home/kitamura/.cache/typescript/4.5/node_modules/@types/path-is-absolute/index.d.ts'
[08:27:35.784] Adding entry into typings cache: 'path-parse' => '/home/kitamura/.cache/typescript/4.5/node_modules/@types/path-parse/index.d.ts'
[08:27:35.785] Adding entry into typings cache: 'physical-cpu-count' => '/home/kitamura/.cache/typescript/4.5/node_modules/@types/physical-cpu-count/index.d.ts'
[08:27:35.786] Adding entry into typings cache: 'picomatch' => '/home/kitamura/.cache/typescript/4.5/node_modules/@types/picomatch/index.d.ts'
[08:27:35.786] Adding entry into typings cache: 'pify' => '/home/kitamura/.cache/typescript/4.5/node_modules/@types/pify/index.d.ts'
[08:27:35.786] Adding entry into typings cache: 'platform' => '/home/kitamura/.cache/typescript/4.5/node_modules/@types/platform/index.d.ts'
[08:27:35.786] Adding entry into typings cache: 'postcss-flexbugs-fixes' => '/home/kitamura/.cache/typescript/4.5/node_modules/@types/postcss-flexbugs-fixes/index.d.ts'
[08:27:35.787] Adding entry into typings cache: 'postcss-modules-extract-imports' => '/home/kitamura/.cache/typescript/4.5/node_modules/@types/postcss-modules-extract-imports/index.d.ts'
[08:27:35.787] Adding entry into typings cache: 'postcss-modules-local-by-default' => '/home/kitamura/.cache/typescript/4.5/node_modules/@types/postcss-modules-local-by-default/index.d.ts'
[08:27:35.787] Adding entry into typings cache: 'postcss-modules-scope' => '/home/kitamura/.cache/typescript/4.5/node_modules/@types/postcss-modules-scope/index.d.ts'
[08:27:35.787] Adding entry into typings cache: 'postcss-modules-values' => '/home/kitamura/.cache/typescript/4.5/node_modules/@types/postcss-modules-values/index.d.ts'
[08:27:35.787] Adding entry into typings cache: 'prelude-ls' => '/home/kitamura/.cache/typescript/4.5/node_modules/@types/prelude-ls/index.d.ts'
[08:27:35.788] Adding entry into typings cache: 'probe-image-size' => '/home/kitamura/.cache/typescript/4.5/node_modules/@types/probe-image-size/index.d.ts'
[08:27:35.788] Adding entry into typings cache: 'progress' => '/home/kitamura/.cache/typescript/4.5/node_modules/@types/progress/index.d.ts'
[08:27:35.788] Adding entry into typings cache: 'prompts' => '/home/kitamura/.cache/typescript/4.5/node_modules/@types/prompts/index.d.ts'
[08:27:35.789] Adding entry into typings cache: 'prop-types' => '/home/kitamura/.cache/typescript/4.5/node_modules/@types/prop-types/index.d.ts'
[08:27:35.789] Adding entry into typings cache: 'proper-lockfile' => '/home/kitamura/.cache/typescript/4.5/node_modules/@types/proper-lockfile/index.d.ts'
[08:27:35.790] Adding entry into typings cache: 'protocols' => '/home/kitamura/.cache/typescript/4.5/node_modules/@types/protocols/index.d.ts'
[08:27:35.790] Adding entry into typings cache: 'proxy-addr' => '/home/kitamura/.cache/typescript/4.5/node_modules/@types/proxy-addr/index.d.ts'
[08:27:35.790] Adding entry into typings cache: 'pump' => '/home/kitamura/.cache/typescript/4.5/node_modules/@types/pump/index.d.ts'
[08:27:35.791] Adding entry into typings cache: 'punycode' => '/home/kitamura/.cache/typescript/4.5/node_modules/@types/punycode/index.d.ts'
[08:27:35.791] Adding entry into typings cache: 'q' => '/home/kitamura/.cache/typescript/4.5/node_modules/@types/q/index.d.ts'
[08:27:35.792] Adding entry into typings cache: 'qs' => '/home/kitamura/.cache/typescript/4.5/node_modules/@types/qs/index.d.ts'
[08:27:35.793] Adding entry into typings cache: 'randombytes' => '/home/kitamura/.cache/typescript/4.5/node_modules/@types/randombytes/index.d.ts'
[08:27:35.794] Adding entry into typings cache: 'range-parser' => '/home/kitamura/.cache/typescript/4.5/node_modules/@types/range-parser/index.d.ts'
[08:27:35.794] Adding entry into typings cache: 'rc' => '/home/kitamura/.cache/typescript/4.5/node_modules/@types/rc/index.d.ts'
[08:27:35.795] Adding entry into typings cache: 'react' => '/home/kitamura/.cache/typescript/4.5/node_modules/@types/react/index.d.ts'
[08:27:35.795] Adding entry into typings cache: 'react-dev-utils' => '/home/kitamura/.cache/typescript/4.5/node_modules/@types/react-dev-utils/index.d.ts'
[08:27:35.796] Adding entry into typings cache: 'react-dom' => '/home/kitamura/.cache/typescript/4.5/node_modules/@types/react-dom/index.d.ts'
[08:27:35.796] Adding entry into typings cache: 'react-is' => '/home/kitamura/.cache/typescript/4.5/node_modules/@types/react-is/index.d.ts'
[08:27:35.796] Adding entry into typings cache: 'react-lifecycles-compat' => '/home/kitamura/.cache/typescript/4.5/node_modules/@types/react-lifecycles-compat/index.d.ts'
[08:27:35.796] Adding entry into typings cache: 'react-refresh' => '/home/kitamura/.cache/typescript/4.5/node_modules/@types/react-refresh/index.d.ts'
[08:27:35.797] Adding entry into typings cache: 'react-test-renderer' => '/home/kitamura/.cache/typescript/4.5/node_modules/@types/react-test-renderer/index.d.ts'
[08:27:35.797] Adding entry into typings cache: 'react-transition-group' => '/home/kitamura/.cache/typescript/4.5/node_modules/@types/react-transition-group/index.d.ts'
[08:27:35.798] Adding entry into typings cache: 'read' => '/home/kitamura/.cache/typescript/4.5/node_modules/@types/read/index.d.ts'
[08:27:35.798] Adding entry into typings cache: 'readable-stream' => '/home/kitamura/.cache/typescript/4.5/node_modules/@types/readable-stream/index.d.ts'
[08:27:35.798] Adding entry into typings cache: 'rechoir' => '/home/kitamura/.cache/typescript/4.5/node_modules/@types/rechoir/index.d.ts'
[08:27:35.798] Adding entry into typings cache: 'recursive-readdir' => '/home/kitamura/.cache/typescript/4.5/node_modules/@types/recursive-readdir/index.d.ts'
[08:27:35.798] Adding entry into typings cache: 'regenerate' => '/home/kitamura/.cache/typescript/4.5/node_modules/@types/regenerate/index.d.ts'
[08:27:35.799] Adding entry into typings cache: 'regenerator-runtime' => '/home/kitamura/.cache/typescript/4.5/node_modules/@types/regenerator-runtime/index.d.ts'
[08:27:35.799] Adding entry into typings cache: 'registry-auth-token' => '/home/kitamura/.cache/typescript/4.5/node_modules/@types/registry-auth-token/index.d.ts'
[08:27:35.799] Adding entry into typings cache: 'relay-runtime' => '/home/kitamura/.cache/typescript/4.5/node_modules/@types/relay-runtime/index.d.ts'
[08:27:35.799] Adding entry into typings cache: 'repeat-string' => '/home/kitamura/.cache/typescript/4.5/node_modules/@types/repeat-string/index.d.ts'
[08:27:35.800] Adding entry into typings cache: 'require-directory' => '/home/kitamura/.cache/typescript/4.5/node_modules/@types/require-directory/index.d.ts'
[08:27:35.800] Adding entry into typings cache: 'require-from-string' => '/home/kitamura/.cache/typescript/4.5/node_modules/@types/require-from-string/index.d.ts'
[08:27:35.800] Adding entry into typings cache: 'requires-port' => '/home/kitamura/.cache/typescript/4.5/node_modules/@types/requires-port/index.d.ts'
[08:27:35.800] Adding entry into typings cache: 'resolve' => '/home/kitamura/.cache/typescript/4.5/node_modules/@types/resolve/index.d.ts'
[08:27:35.801] Adding entry into typings cache: 'responselike' => '/home/kitamura/.cache/typescript/4.5/node_modules/@types/responselike/index.d.ts'
[08:27:35.801] Adding entry into typings cache: 'retry' => '/home/kitamura/.cache/typescript/4.5/node_modules/@types/retry/index.d.ts'
[08:27:35.801] Adding entry into typings cache: 'rimraf' => '/home/kitamura/.cache/typescript/4.5/node_modules/@types/rimraf/index.d.ts'
[08:27:35.801] Adding entry into typings cache: 'run-parallel' => '/home/kitamura/.cache/typescript/4.5/node_modules/@types/run-parallel/index.d.ts'
[08:27:35.801] Adding entry into typings cache: 'safer-buffer' => '/home/kitamura/.cache/typescript/4.5/node_modules/@types/safer-buffer/index.d.ts'
[08:27:35.802] Adding entry into typings cache: 'sanitize-html' => '/home/kitamura/.cache/typescript/4.5/node_modules/@types/sanitize-html/index.d.ts'
[08:27:35.802] Adding entry into typings cache: 'sax' => '/home/kitamura/.cache/typescript/4.5/node_modules/@types/sax/index.d.ts'
[08:27:35.802] Adding entry into typings cache: 'scheduler' => '/home/kitamura/.cache/typescript/4.5/node_modules/@types/scheduler/index.d.ts'
[08:27:35.803] Adding entry into typings cache: 'semver' => '/home/kitamura/.cache/typescript/4.5/node_modules/@types/semver/index.d.ts'
[08:27:35.803] Adding entry into typings cache: 'send' => '/home/kitamura/.cache/typescript/4.5/node_modules/@types/send/index.d.ts'
[08:27:35.804] Adding entry into typings cache: 'serialize-javascript' => '/home/kitamura/.cache/typescript/4.5/node_modules/@types/serialize-javascript/index.d.ts'
[08:27:35.804] Adding entry into typings cache: 'serve-index' => '/home/kitamura/.cache/typescript/4.5/node_modules/@types/serve-index/index.d.ts'
[08:27:35.804] Adding entry into typings cache: 'serve-static' => '/home/kitamura/.cache/typescript/4.5/node_modules/@types/serve-static/index.d.ts'
[08:27:35.804] Adding entry into typings cache: 'setimmediate' => '/home/kitamura/.cache/typescript/4.5/node_modules/@types/setimmediate/index.d.ts'
[08:27:35.805] Adding entry into typings cache: 'sharp' => '/home/kitamura/.cache/typescript/4.5/node_modules/@types/sharp/index.d.ts'
[08:27:35.805] Adding entry into typings cache: 'shebang-command' => '/home/kitamura/.cache/typescript/4.5/node_modules/@types/shebang-command/index.d.ts'
[08:27:35.806] Adding entry into typings cache: 'shell-quote' => '/home/kitamura/.cache/typescript/4.5/node_modules/@types/shell-quote/index.d.ts'
[08:27:35.806] Adding entry into typings cache: 'signal-exit' => '/home/kitamura/.cache/typescript/4.5/node_modules/@types/signal-exit/index.d.ts'
[08:27:35.806] Adding entry into typings cache: 'simple-swizzle' => '/home/kitamura/.cache/typescript/4.5/node_modules/@types/simple-swizzle/index.d.ts'
[08:27:35.807] Adding entry into typings cache: 'slice-ansi' => '/home/kitamura/.cache/typescript/4.5/node_modules/@types/slice-ansi/index.d.ts'
[08:27:35.807] Adding entry into typings cache: 'sockjs' => '/home/kitamura/.cache/typescript/4.5/node_modules/@types/sockjs/index.d.ts'
[08:27:35.807] Adding entry into typings cache: 'source-list-map' => '/home/kitamura/.cache/typescript/4.5/node_modules/@types/source-list-map/index.d.ts'
[08:27:35.807] Adding entry into typings cache: 'source-map-support' => '/home/kitamura/.cache/typescript/4.5/node_modules/@types/source-map-support/index.d.ts'
[08:27:35.807] Adding entry into typings cache: 'spdy' => '/home/kitamura/.cache/typescript/4.5/node_modules/@types/spdy/index.d.ts'
[08:27:35.808] Adding entry into typings cache: 'sprintf' => '/home/kitamura/.cache/typescript/4.5/node_modules/@types/sprintf/index.d.ts'
[08:27:35.808] Adding entry into typings cache: 'sprintf-js' => '/home/kitamura/.cache/typescript/4.5/node_modules/@types/sprintf-js/index.d.ts'
[08:27:35.808] Adding entry into typings cache: 'stack-trace' => '/home/kitamura/.cache/typescript/4.5/node_modules/@types/stack-trace/index.d.ts'
[08:27:35.808] Adding entry into typings cache: 'statuses' => '/home/kitamura/.cache/typescript/4.5/node_modules/@types/statuses/index.d.ts'
[08:27:35.808] Adding entry into typings cache: 'strict-uri-encode' => '/home/kitamura/.cache/typescript/4.5/node_modules/@types/strict-uri-encode/index.d.ts'
[08:27:35.809] Adding entry into typings cache: 'string-natural-compare' => '/home/kitamura/.cache/typescript/4.5/node_modules/@types/string-natural-compare/index.d.ts'
[08:27:35.809] Adding entry into typings cache: 'string-similarity' => '/home/kitamura/.cache/typescript/4.5/node_modules/@types/string-similarity/index.d.ts'
[08:27:35.809] Adding entry into typings cache: 'string.prototype.matchall' => '/home/kitamura/.cache/typescript/4.5/node_modules/@types/string.prototype.matchall/index.d.ts'
[08:27:35.809] Adding entry into typings cache: 'strip-final-newline' => '/home/kitamura/.cache/typescript/4.5/node_modules/@types/strip-final-newline/index.d.ts'
[08:27:35.809] Adding entry into typings cache: 'stylis' => '/home/kitamura/.cache/typescript/4.5/node_modules/@types/stylis/index.d.ts'
[08:27:35.810] Adding entry into typings cache: 'supports-color' => '/home/kitamura/.cache/typescript/4.5/node_modules/@types/supports-color/index.d.ts'
[08:27:35.810] Adding entry into typings cache: 'svgo' => '/home/kitamura/.cache/typescript/4.5/node_modules/@types/svgo/index.d.ts'
[08:27:35.810] Adding entry into typings cache: 'sync-fetch' => '/home/kitamura/.cache/typescript/4.5/node_modules/@types/sync-fetch/index.d.ts'
[08:27:35.810] Adding entry into typings cache: 'tar-fs' => '/home/kitamura/.cache/typescript/4.5/node_modules/@types/tar-fs/index.d.ts'
[08:27:35.810] Adding entry into typings cache: 'tar-stream' => '/home/kitamura/.cache/typescript/4.5/node_modules/@types/tar-stream/index.d.ts'
[08:27:35.811] Adding entry into typings cache: 'text-table' => '/home/kitamura/.cache/typescript/4.5/node_modules/@types/text-table/index.d.ts'
[08:27:35.811] Adding entry into typings cache: 'through' => '/home/kitamura/.cache/typescript/4.5/node_modules/@types/through/index.d.ts'
[08:27:35.811] Adding entry into typings cache: 'thunky' => '/home/kitamura/.cache/typescript/4.5/node_modules/@types/thunky/index.d.ts'
[08:27:35.811] Adding entry into typings cache: 'tmp' => '/home/kitamura/.cache/typescript/4.5/node_modules/@types/tmp/index.d.ts'
[08:27:35.811] Adding entry into typings cache: 'to-regex-range' => '/home/kitamura/.cache/typescript/4.5/node_modules/@types/to-regex-range/index.d.ts'
[08:27:35.812] Adding entry into typings cache: 'tr46' => '/home/kitamura/.cache/typescript/4.5/node_modules/@types/tr46/index.d.ts'
[08:27:35.813] Adding entry into typings cache: 'type-check' => '/home/kitamura/.cache/typescript/4.5/node_modules/@types/type-check/index.d.ts'
[08:27:35.813] Adding entry into typings cache: 'type-is' => '/home/kitamura/.cache/typescript/4.5/node_modules/@types/type-is/index.d.ts'
[08:27:35.813] Adding entry into typings cache: 'typedarray-to-buffer' => '/home/kitamura/.cache/typescript/4.5/node_modules/@types/typedarray-to-buffer/index.d.ts'
[08:27:35.814] Adding entry into typings cache: 'ua-parser-js' => '/home/kitamura/.cache/typescript/4.5/node_modules/@types/ua-parser-js/index.d.ts'
[08:27:35.814] Adding entry into typings cache: 'unc-path-regex' => '/home/kitamura/.cache/typescript/4.5/node_modules/@types/unc-path-regex/index.d.ts'
[08:27:35.814] Adding entry into typings cache: 'underscore.string' => '/home/kitamura/.cache/typescript/4.5/node_modules/@types/underscore.string/index.d.ts'
[08:27:35.814] Adding entry into typings cache: 'universalify' => '/home/kitamura/.cache/typescript/4.5/node_modules/@types/universalify/index.d.ts'
[08:27:35.814] Adding entry into typings cache: 'unixify' => '/home/kitamura/.cache/typescript/4.5/node_modules/@types/unixify/index.d.ts'
[08:27:35.815] Adding entry into typings cache: 'update-notifier' => '/home/kitamura/.cache/typescript/4.5/node_modules/@types/update-notifier/index.d.ts'
[08:27:35.815] Adding entry into typings cache: 'url-parse-lax' => '/home/kitamura/.cache/typescript/4.5/node_modules/@types/url-parse-lax/index.d.ts'
[08:27:35.815] Adding entry into typings cache: 'util-deprecate' => '/home/kitamura/.cache/typescript/4.5/node_modules/@types/util-deprecate/index.d.ts'
[08:27:35.815] Adding entry into typings cache: 'util.promisify' => '/home/kitamura/.cache/typescript/4.5/node_modules/@types/util.promisify/index.d.ts'
[08:27:35.815] Adding entry into typings cache: 'utils-merge' => '/home/kitamura/.cache/typescript/4.5/node_modules/@types/utils-merge/index.d.ts'
[08:27:35.816] Adding entry into typings cache: 'uuid' => '/home/kitamura/.cache/typescript/4.5/node_modules/@types/uuid/index.d.ts'
[08:27:35.816] Adding entry into typings cache: 'valid-url' => '/home/kitamura/.cache/typescript/4.5/node_modules/@types/valid-url/index.d.ts'
[08:27:35.816] Adding entry into typings cache: 'vary' => '/home/kitamura/.cache/typescript/4.5/node_modules/@types/vary/index.d.ts'
[08:27:35.817] Adding entry into typings cache: 'watchpack' => '/home/kitamura/.cache/typescript/4.5/node_modules/@types/watchpack/index.d.ts'
[08:27:35.817] Adding entry into typings cache: 'webidl-conversions' => '/home/kitamura/.cache/typescript/4.5/node_modules/@types/webidl-conversions/index.d.ts'
[08:27:35.819] Adding entry into typings cache: 'webpack' => '/home/kitamura/.cache/typescript/4.5/node_modules/webpack/types.d.ts'
[08:27:35.820] Adding entry into typings cache: 'webpack-sources' => '/home/kitamura/.cache/typescript/4.5/node_modules/@types/webpack-sources/index.d.ts'
[08:27:35.821] Adding entry into typings cache: 'webpack-stats-plugin' => '/home/kitamura/.cache/typescript/4.5/node_modules/@types/webpack-stats-plugin/index.d.ts'
[08:27:35.821] Adding entry into typings cache: 'webpack-virtual-modules' => '/home/kitamura/.cache/typescript/4.5/node_modules/@types/webpack-virtual-modules/index.d.ts'
[08:27:35.822] Adding entry into typings cache: 'whatwg-url' => '/home/kitamura/.cache/typescript/4.5/node_modules/@types/whatwg-url/index.d.ts'
[08:27:35.822] Adding entry into typings cache: 'which' => '/home/kitamura/.cache/typescript/4.5/node_modules/@types/which/index.d.ts'
[08:27:35.823] Adding entry into typings cache: 'wrap-ansi' => '/home/kitamura/.cache/typescript/4.5/node_modules/@types/wrap-ansi/index.d.ts'
[08:27:35.823] Adding entry into typings cache: 'write-file-atomic' => '/home/kitamura/.cache/typescript/4.5/node_modules/@types/write-file-atomic/index.d.ts'
[08:27:35.823] Adding entry into typings cache: 'ws' => '/home/kitamura/.cache/typescript/4.5/node_modules/@types/ws/index.d.ts'
[08:27:35.823] Adding entry into typings cache: 'xtend' => '/home/kitamura/.cache/typescript/4.5/node_modules/@types/xtend/index.d.ts'
[08:27:35.824] Adding entry into typings cache: 'yallist' => '/home/kitamura/.cache/typescript/4.5/node_modules/@types/yallist/index.d.ts'
[08:27:35.824] Adding entry into typings cache: 'yargs' => '/home/kitamura/.cache/typescript/4.5/node_modules/@types/yargs/index.d.ts'
[08:27:35.824] Adding entry into typings cache: 'yargs-parser' => '/home/kitamura/.cache/typescript/4.5/node_modules/@types/yargs-parser/index.d.ts'
[08:27:35.824] Adding entry into typings cache: 'yeast' => '/home/kitamura/.cache/typescript/4.5/node_modules/@types/yeast/index.d.ts'
[08:27:35.824] Finished processing cache location '/home/kitamura/.cache/typescript/4.5'
[08:27:35.824] Process id: 56967
[08:27:35.825] NPM location: /usr/local/bin/npm (explicit '--npmLocation' not  provided)
[08:27:35.825] validateDefaultNpmLocation: false
[08:27:35.825] Npm config file: /home/kitamura/.cache/typescript/4.5/package.json
[08:27:35.825] Updating types-registry npm package...
[08:27:35.825] Exec: /usr/local/bin/npm install --ignore-scripts types-registry@latest
[08:27:37.260]     Succeeded. stdout:
    
    up to date, audited 534 packages in 1s

32 packages are looking for funding
  run `npm fund` for details

found 0 vulnerabilities

[08:27:37.260] Updated types-registry npm package
