Arguments: 
  /usr/local/bin/node /usr/local/lib/python3.9/site-packages/jupyterlab/staging/yarn.js add @jupyterlab/application

PATH: 
  /usr/local/bin:/usr/bin:/bin:/usr/local/games:/usr/games

Yarn version: 
  1.21.1

Node version: 
  14.17.0

Platform: 
  linux x64

Trace: 
  Error: getaddrinfo EAI_AGAIN registry.yarnpkg.com
      at GetAddrInfoReqWrap.onlookup [as oncomplete] (dns.js:67:26)

npm manifest: 
  {
    "name": "sample_ext",
    "version": "0.1.0",
    "description": "A JupyterLab extension.",
    "keywords": [
      "jupyter",
      "jupyterlab",
      "jupyterlab-extension"
    ],
    "homepage": "cookiecutter https://github.com/jupyterlab/extension-cookiecutter-ts",
    "bugs": {
      "url": "cookiecutter https://github.com/jupyterlab/extension-cookiecutter-ts/issues"
    },
    "license": "BSD-3-Clause",
    "author": {
      "name": "",
      "email": ""
    },
    "files": [
      "lib/**/*.{d.ts,eot,gif,html,jpg,js,js.map,json,png,svg,woff2,ttf}",
      "style/**/*.{css,.js,eot,gif,html,jpg,json,png,svg,woff2,ttf}"
    ],
    "main": "lib/index.js",
    "types": "lib/index.d.ts",
    "style": "style/index.css",
    "repository": {
      "type": "git",
      "url": "cookiecutter https://github.com/jupyterlab/extension-cookiecutter-ts.git"
    },
    "scripts": {
      "build": "jlpm run build:lib && jlpm run build:labextension:dev",
      "build:prod": "jlpm run clean && jlpm run build:lib && jlpm run build:labextension",
      "build:labextension": "jupyter labextension build .",
      "build:labextension:dev": "jupyter labextension build --development True .",
      "build:lib": "tsc",
      "clean": "jlpm run clean:lib",
      "clean:lib": "rimraf lib tsconfig.tsbuildinfo",
      "clean:labextension": "rimraf sample_ext/labextension",
      "clean:all": "jlpm run clean:lib && jlpm run clean:labextension",
      "eslint": "eslint . --ext .ts,.tsx --fix",
      "eslint:check": "eslint . --ext .ts,.tsx",
      "install:extension": "jlpm run build",
      "watch": "run-p watch:src watch:labextension",
      "watch:src": "tsc -w",
      "watch:labextension": "jupyter labextension watch ."
    },
    "dependencies": {
      "@jupyterlab/application": "^3.0.0"
    },
    "devDependencies": {
      "@jupyterlab/builder": "^3.0.0",
      "@typescript-eslint/eslint-plugin": "^4.8.1",
      "@typescript-eslint/parser": "^4.8.1",
      "eslint": "^7.14.0",
      "eslint-config-prettier": "^6.15.0",
      "eslint-plugin-prettier": "^3.1.4",
      "npm-run-all": "^4.1.5",
      "prettier": "^2.1.1",
      "rimraf": "^3.0.2",
      "typescript": "~4.1.3"
    },
    "sideEffects": [
      "style/*.css",
      "style/index.js"
    ],
    "styleModule": "style/index.js",
    "jupyterlab": {
      "extension": true,
      "outputDir": "sample_ext/labextension"
    }
  }

yarn manifest: 
  No manifest

Lockfile: 
  No lockfile
